INFO 2020-04-23 02:42:11,817 autoreload 597 Watching for file changes with StatReloader
INFO 2020-04-23 02:43:05,358 autoreload 597 Watching for file changes with StatReloader
INFO 2020-04-23 02:43:36,086 autoreload 597 Watching for file changes with StatReloader
INFO 2020-04-23 02:43:49,586 autoreload 597 Watching for file changes with StatReloader
INFO 2020-04-23 02:47:29,332 autoreload 217 /home/ubuntu/Desktop/meiduo_mall_project/meiduo_mall/meiduo_mall/apps/users/models.py changed, reloading.
INFO 2020-04-23 02:47:29,749 autoreload 597 Watching for file changes with StatReloader
INFO 2020-04-23 02:51:13,443 autoreload 217 /home/ubuntu/Desktop/meiduo_mall_project/meiduo_mall/meiduo_mall/settings/dev.py changed, reloading.
INFO 2020-04-23 02:51:13,801 autoreload 597 Watching for file changes with StatReloader
INFO 2020-04-23 03:09:30,512 autoreload 217 /home/ubuntu/Desktop/meiduo_mall_project/meiduo_mall/meiduo_mall/apps/users/views.py changed, reloading.
INFO 2020-04-23 03:09:31,205 autoreload 597 Watching for file changes with StatReloader
ERROR 2020-04-23 03:10:39,208 exception 77 Invalid HTTP_HOST header: 'www.meiduo.site:8000'. You may need to add 'www.meiduo.site' to ALLOWED_HOSTS.
WARNING 2020-04-23 03:10:39,304 log 228 Bad Request: /carts/simple/
WARNING 2020-04-23 03:10:39,305 basehttp 154 "GET /carts/simple/ HTTP/1.1" 400 67326
ERROR 2020-04-23 03:10:40,520 exception 77 Invalid HTTP_HOST header: 'www.meiduo.site:8000'. You may need to add 'www.meiduo.site' to ALLOWED_HOSTS.
WARNING 2020-04-23 03:10:40,566 log 228 Bad Request: /image_codes/373c03d3-134b-4c4c-a56e-7a2708243bb9/
WARNING 2020-04-23 03:10:40,567 basehttp 154 "GET /image_codes/373c03d3-134b-4c4c-a56e-7a2708243bb9/ HTTP/1.1" 400 67601
ERROR 2020-04-23 03:10:52,453 exception 77 Invalid HTTP_HOST header: 'www.meiduo.site:8000'. You may need to add 'www.meiduo.site' to ALLOWED_HOSTS.
WARNING 2020-04-23 03:10:52,485 log 228 Bad Request: /usernames/liutingpeng/count/
WARNING 2020-04-23 03:10:52,485 basehttp 154 "GET /usernames/liutingpeng/count/ HTTP/1.1" 400 67504
INFO 2020-04-23 03:10:59,771 autoreload 597 Watching for file changes with StatReloader
ERROR 2020-04-23 03:11:04,467 exception 77 Invalid HTTP_HOST header: 'www.meiduo.site:8000'. You may need to add 'www.meiduo.site' to ALLOWED_HOSTS.
WARNING 2020-04-23 03:11:04,498 log 228 Bad Request: /usernames/liutingpeng/count/
WARNING 2020-04-23 03:11:04,499 basehttp 154 "GET /usernames/liutingpeng/count/ HTTP/1.1" 400 67504
INFO 2020-04-23 03:12:03,544 autoreload 597 Watching for file changes with StatReloader
WARNING 2020-04-23 03:12:07,079 log 228 Not Found: /usernames/liutingpeng/count/
WARNING 2020-04-23 03:12:07,079 basehttp 154 "GET /usernames/liutingpeng/count/ HTTP/1.1" 404 2238
INFO 2020-04-23 03:16:26,912 autoreload 597 Watching for file changes with StatReloader
WARNING 2020-04-23 03:16:32,363 log 228 Not Found: /usernames/liutingpeng/count/
WARNING 2020-04-23 03:16:32,364 basehttp 154 "GET /usernames/liutingpeng/count/ HTTP/1.1" 404 2238
INFO 2020-04-23 03:20:07,929 autoreload 597 Watching for file changes with StatReloader
INFO 2020-04-23 03:23:49,677 autoreload 217 /home/ubuntu/Desktop/meiduo_mall_project/meiduo_mall/meiduo_mall/urls.py changed, reloading.
INFO 2020-04-23 03:23:50,195 autoreload 597 Watching for file changes with StatReloader
INFO 2020-04-23 03:24:11,939 autoreload 217 /home/ubuntu/Desktop/meiduo_mall_project/meiduo_mall/meiduo_mall/apps/verifications/views.py changed, reloading.
INFO 2020-04-23 03:24:12,305 autoreload 597 Watching for file changes with StatReloader
INFO 2020-04-23 03:27:45,625 autoreload 217 /home/ubuntu/Desktop/meiduo_mall_project/meiduo_mall/meiduo_mall/settings/dev.py changed, reloading.
INFO 2020-04-23 03:27:46,218 autoreload 597 Watching for file changes with StatReloader
INFO 2020-04-23 03:33:25,911 autoreload 217 /home/ubuntu/Desktop/meiduo_mall_project/meiduo_mall/meiduo_mall/apps/verifications/views.py changed, reloading.
INFO 2020-04-23 03:33:26,501 autoreload 597 Watching for file changes with StatReloader
INFO 2020-04-23 03:35:02,149 autoreload 597 Watching for file changes with StatReloader
INFO 2020-04-23 03:35:31,782 autoreload 597 Watching for file changes with StatReloader
INFO 2020-04-23 03:36:25,036 autoreload 597 Watching for file changes with StatReloader
INFO 2020-04-23 03:36:27,955 basehttp 154 "GET /image_codes/db0ed1fa-ca51-477b-aafa-f2ee2136583a/ HTTP/1.1" 200 3080
INFO 2020-04-23 03:48:24,300 autoreload 217 /home/ubuntu/Desktop/meiduo_mall_project/meiduo_mall/meiduo_mall/apps/verifications/views.py changed, reloading.
INFO 2020-04-23 03:48:24,987 autoreload 597 Watching for file changes with StatReloader
INFO 2020-04-23 03:56:17,157 autoreload 217 /home/ubuntu/Desktop/meiduo_mall_project/meiduo_mall/meiduo_mall/apps/verifications/views.py changed, reloading.
INFO 2020-04-23 03:56:17,748 autoreload 597 Watching for file changes with StatReloader
INFO 2020-04-23 03:57:41,312 autoreload 217 /home/ubuntu/Desktop/meiduo_mall_project/meiduo_mall/meiduo_mall/apps/verifications/views.py changed, reloading.
INFO 2020-04-23 03:57:41,962 autoreload 597 Watching for file changes with StatReloader
INFO 2020-04-23 04:09:29,271 autoreload 597 Watching for file changes with StatReloader
INFO 2020-04-23 04:09:34,853 basehttp 154 "GET /image_codes/34befeb6-da1d-4d95-bc69-2936c452a720/ HTTP/1.1" 200 3461
INFO 2020-04-23 04:09:36,160 basehttp 154 "GET /image_codes/38c6620e-bdbf-4aa5-b980-ee53469a6d99/ HTTP/1.1" 200 3234
WARNING 2020-04-23 04:09:41,456 log 228 Not Found: /usernames/liutingpeng/count/
WARNING 2020-04-23 04:09:41,456 basehttp 154 "GET /usernames/liutingpeng/count/ HTTP/1.1" 404 2612
WARNING 2020-04-23 04:09:51,189 log 228 Not Found: /mobiles/18017163025/count/
WARNING 2020-04-23 04:09:51,190 basehttp 154 "GET /mobiles/18017163025/count/ HTTP/1.1" 404 2606
WARNING 2020-04-23 04:09:52,676 log 228 Not Found: /sms_codes/18017163025/
WARNING 2020-04-23 04:09:52,678 log 228 Not Found: /mobiles/18017163025/count/
WARNING 2020-04-23 04:09:52,678 basehttp 154 "GET /mobiles/18017163025/count/ HTTP/1.1" 404 2606
WARNING 2020-04-23 04:09:52,679 basehttp 154 "GET /sms_codes/18017163025/?image_code=vcqr&image_code_id=38c6620e-bdbf-4aa5-b980-ee53469a6d99 HTTP/1.1" 404 2665
WARNING 2020-04-23 04:09:55,896 log 228 Not Found: /sms_codes/18017163025/
WARNING 2020-04-23 04:09:55,897 log 228 Not Found: /mobiles/18017163025/count/
WARNING 2020-04-23 04:09:55,898 basehttp 154 "GET /sms_codes/18017163025/?image_code=vcqr&image_code_id=38c6620e-bdbf-4aa5-b980-ee53469a6d99 HTTP/1.1" 404 2665
WARNING 2020-04-23 04:09:55,898 basehttp 154 "GET /mobiles/18017163025/count/ HTTP/1.1" 404 2606
WARNING 2020-04-23 04:09:56,791 log 228 Not Found: /mobiles/18017163025/count/
WARNING 2020-04-23 04:09:56,792 log 228 Not Found: /sms_codes/18017163025/
WARNING 2020-04-23 04:09:56,792 basehttp 154 "GET /mobiles/18017163025/count/ HTTP/1.1" 404 2606
WARNING 2020-04-23 04:09:56,793 basehttp 154 "GET /sms_codes/18017163025/?image_code=vcqr&image_code_id=38c6620e-bdbf-4aa5-b980-ee53469a6d99 HTTP/1.1" 404 2665
WARNING 2020-04-23 04:09:58,262 log 228 Not Found: /sms_codes/18017163025/
WARNING 2020-04-23 04:09:58,264 log 228 Not Found: /mobiles/18017163025/count/
WARNING 2020-04-23 04:09:58,264 basehttp 154 "GET /mobiles/18017163025/count/ HTTP/1.1" 404 2606
WARNING 2020-04-23 04:09:58,264 basehttp 154 "GET /sms_codes/18017163025/?image_code=vcqr&image_code_id=38c6620e-bdbf-4aa5-b980-ee53469a6d99 HTTP/1.1" 404 2665
WARNING 2020-04-23 04:09:58,967 log 228 Not Found: /mobiles/18017163025/count/
WARNING 2020-04-23 04:09:58,969 basehttp 154 "GET /mobiles/18017163025/count/ HTTP/1.1" 404 2606
WARNING 2020-04-23 04:09:58,971 log 228 Not Found: /sms_codes/18017163025/
WARNING 2020-04-23 04:09:58,971 basehttp 154 "GET /sms_codes/18017163025/?image_code=vcqr&image_code_id=38c6620e-bdbf-4aa5-b980-ee53469a6d99 HTTP/1.1" 404 2665
WARNING 2020-04-23 04:09:59,153 log 228 Not Found: /mobiles/18017163025/count/
WARNING 2020-04-23 04:09:59,155 log 228 Not Found: /sms_codes/18017163025/
WARNING 2020-04-23 04:09:59,155 basehttp 154 "GET /mobiles/18017163025/count/ HTTP/1.1" 404 2606
WARNING 2020-04-23 04:09:59,155 basehttp 154 "GET /sms_codes/18017163025/?image_code=vcqr&image_code_id=38c6620e-bdbf-4aa5-b980-ee53469a6d99 HTTP/1.1" 404 2665
WARNING 2020-04-23 04:09:59,321 log 228 Not Found: /sms_codes/18017163025/
WARNING 2020-04-23 04:09:59,323 log 228 Not Found: /mobiles/18017163025/count/
WARNING 2020-04-23 04:09:59,324 basehttp 154 "GET /sms_codes/18017163025/?image_code=vcqr&image_code_id=38c6620e-bdbf-4aa5-b980-ee53469a6d99 HTTP/1.1" 404 2665
WARNING 2020-04-23 04:09:59,324 basehttp 154 "GET /mobiles/18017163025/count/ HTTP/1.1" 404 2606
WARNING 2020-04-23 04:10:00,164 log 228 Not Found: /mobiles/18017163025/count/
WARNING 2020-04-23 04:10:00,165 basehttp 154 "GET /mobiles/18017163025/count/ HTTP/1.1" 404 2606
WARNING 2020-04-23 04:10:00,167 log 228 Not Found: /sms_codes/18017163025/
WARNING 2020-04-23 04:10:00,168 basehttp 154 "GET /sms_codes/18017163025/?image_code=vcqr&image_code_id=38c6620e-bdbf-4aa5-b980-ee53469a6d99 HTTP/1.1" 404 2665
WARNING 2020-04-23 04:10:12,476 log 228 Not Found: /sms_codes/18017163025/
WARNING 2020-04-23 04:10:12,478 log 228 Not Found: /mobiles/18017163025/count/
WARNING 2020-04-23 04:10:12,479 basehttp 154 "GET /sms_codes/18017163025/?image_code=vcqr&image_code_id=38c6620e-bdbf-4aa5-b980-ee53469a6d99 HTTP/1.1" 404 2665
WARNING 2020-04-23 04:10:12,480 basehttp 154 "GET /mobiles/18017163025/count/ HTTP/1.1" 404 2606
WARNING 2020-04-23 04:10:14,601 log 228 Not Found: /sms_codes/18017163025/
WARNING 2020-04-23 04:10:14,603 log 228 Not Found: /mobiles/18017163025/count/
WARNING 2020-04-23 04:10:14,604 basehttp 154 "GET /sms_codes/18017163025/?image_code=vcqr&image_code_id=38c6620e-bdbf-4aa5-b980-ee53469a6d99 HTTP/1.1" 404 2665
WARNING 2020-04-23 04:10:14,604 basehttp 154 "GET /mobiles/18017163025/count/ HTTP/1.1" 404 2606
WARNING 2020-04-23 04:10:14,765 log 228 Not Found: /sms_codes/18017163025/
WARNING 2020-04-23 04:10:14,766 log 228 Not Found: /mobiles/18017163025/count/
WARNING 2020-04-23 04:10:14,767 basehttp 154 "GET /mobiles/18017163025/count/ HTTP/1.1" 404 2606
WARNING 2020-04-23 04:10:14,767 basehttp 154 "GET /sms_codes/18017163025/?image_code=vcqr&image_code_id=38c6620e-bdbf-4aa5-b980-ee53469a6d99 HTTP/1.1" 404 2665
WARNING 2020-04-23 04:10:14,926 log 228 Not Found: /sms_codes/18017163025/
WARNING 2020-04-23 04:10:14,927 basehttp 154 "GET /sms_codes/18017163025/?image_code=vcqr&image_code_id=38c6620e-bdbf-4aa5-b980-ee53469a6d99 HTTP/1.1" 404 2665
WARNING 2020-04-23 04:10:14,929 log 228 Not Found: /mobiles/18017163025/count/
WARNING 2020-04-23 04:10:14,929 basehttp 154 "GET /mobiles/18017163025/count/ HTTP/1.1" 404 2606
WARNING 2020-04-23 04:10:17,098 log 228 Not Found: /mobiles/18017163025/count/
WARNING 2020-04-23 04:10:17,098 basehttp 154 "GET /mobiles/18017163025/count/ HTTP/1.1" 404 2606
WARNING 2020-04-23 04:10:17,100 log 228 Not Found: /sms_codes/18017163025/
WARNING 2020-04-23 04:10:17,100 basehttp 154 "GET /sms_codes/18017163025/?image_code=vcqr&image_code_id=38c6620e-bdbf-4aa5-b980-ee53469a6d99 HTTP/1.1" 404 2665
WARNING 2020-04-23 04:10:17,786 log 228 Not Found: /mobiles/18017163025/count/
WARNING 2020-04-23 04:10:17,789 basehttp 154 "GET /mobiles/18017163025/count/ HTTP/1.1" 404 2606
WARNING 2020-04-23 04:10:17,790 log 228 Not Found: /sms_codes/18017163025/
WARNING 2020-04-23 04:10:17,791 basehttp 154 "GET /sms_codes/18017163025/?image_code=vcqr&image_code_id=38c6620e-bdbf-4aa5-b980-ee53469a6d99 HTTP/1.1" 404 2665
WARNING 2020-04-23 04:10:17,958 log 228 Not Found: /mobiles/18017163025/count/
WARNING 2020-04-23 04:10:17,960 log 228 Not Found: /sms_codes/18017163025/
WARNING 2020-04-23 04:10:17,961 basehttp 154 "GET /mobiles/18017163025/count/ HTTP/1.1" 404 2606
WARNING 2020-04-23 04:10:17,961 basehttp 154 "GET /sms_codes/18017163025/?image_code=vcqr&image_code_id=38c6620e-bdbf-4aa5-b980-ee53469a6d99 HTTP/1.1" 404 2665
WARNING 2020-04-23 04:10:18,145 log 228 Not Found: /mobiles/18017163025/count/
WARNING 2020-04-23 04:10:18,146 log 228 Not Found: /sms_codes/18017163025/
WARNING 2020-04-23 04:10:18,147 basehttp 154 "GET /mobiles/18017163025/count/ HTTP/1.1" 404 2606
WARNING 2020-04-23 04:10:18,147 basehttp 154 "GET /sms_codes/18017163025/?image_code=vcqr&image_code_id=38c6620e-bdbf-4aa5-b980-ee53469a6d99 HTTP/1.1" 404 2665
WARNING 2020-04-23 04:10:19,433 log 228 Not Found: /mobiles/18017163025/count/
WARNING 2020-04-23 04:10:19,433 basehttp 154 "GET /mobiles/18017163025/count/ HTTP/1.1" 404 2606
WARNING 2020-04-23 04:10:19,438 log 228 Not Found: /sms_codes/18017163025/
WARNING 2020-04-23 04:10:19,438 basehttp 154 "GET /sms_codes/18017163025/?image_code=vcqr&image_code_id=38c6620e-bdbf-4aa5-b980-ee53469a6d99 HTTP/1.1" 404 2665
INFO 2020-04-23 04:10:21,641 basehttp 154 "GET /image_codes/158197cf-2099-4b51-9da2-e65851ea1abb/ HTTP/1.1" 200 3007
WARNING 2020-04-23 04:10:24,892 log 228 Not Found: /usernames/liutingpeng/count/
WARNING 2020-04-23 04:10:24,893 basehttp 154 "GET /usernames/liutingpeng/count/ HTTP/1.1" 404 2612
WARNING 2020-04-23 04:10:40,029 log 228 Not Found: /mobiles/18017163025/count/
WARNING 2020-04-23 04:10:40,031 basehttp 154 "GET /mobiles/18017163025/count/ HTTP/1.1" 404 2606
WARNING 2020-04-23 04:10:47,140 log 228 Not Found: /mobiles/18017163025/count/
WARNING 2020-04-23 04:10:47,142 basehttp 154 "GET /mobiles/18017163025/count/ HTTP/1.1" 404 2606
WARNING 2020-04-23 04:10:47,144 log 228 Not Found: /sms_codes/18017163025/
WARNING 2020-04-23 04:10:47,144 basehttp 154 "GET /sms_codes/18017163025/?image_code=5rri&image_code_id=158197cf-2099-4b51-9da2-e65851ea1abb HTTP/1.1" 404 2665
INFO 2020-04-23 04:11:12,869 autoreload 597 Watching for file changes with StatReloader
WARNING 2020-04-23 04:11:15,478 log 228 Not Found: /sms_codes/18017163025/
WARNING 2020-04-23 04:11:15,479 log 228 Not Found: /mobiles/18017163025/count/
WARNING 2020-04-23 04:11:15,480 basehttp 154 "GET /sms_codes/18017163025/?image_code=5rri&image_code_id=158197cf-2099-4b51-9da2-e65851ea1abb HTTP/1.1" 404 2665
WARNING 2020-04-23 04:11:15,480 basehttp 154 "GET /mobiles/18017163025/count/ HTTP/1.1" 404 2606
WARNING 2020-04-23 04:11:51,766 log 228 Not Found: /sms_codes/18017163025/
WARNING 2020-04-23 04:11:51,767 basehttp 154 "GET /sms_codes/18017163025/?image_code=5rri&image_code_id=158197cf-2099-4b51-9da2-e65851ea1abb HTTP/1.1" 404 2665
WARNING 2020-04-23 04:11:51,770 log 228 Not Found: /mobiles/18017163025/count/
WARNING 2020-04-23 04:11:51,770 basehttp 154 "GET /mobiles/18017163025/count/ HTTP/1.1" 404 2606
WARNING 2020-04-23 04:11:52,170 log 228 Not Found: /mobiles/18017163025/count/
WARNING 2020-04-23 04:11:52,171 basehttp 154 "GET /mobiles/18017163025/count/ HTTP/1.1" 404 2606
WARNING 2020-04-23 04:11:52,174 log 228 Not Found: /sms_codes/18017163025/
WARNING 2020-04-23 04:11:52,174 basehttp 154 "GET /sms_codes/18017163025/?image_code=5rri&image_code_id=158197cf-2099-4b51-9da2-e65851ea1abb HTTP/1.1" 404 2665
INFO 2020-04-23 04:12:43,073 autoreload 597 Watching for file changes with StatReloader
WARNING 2020-04-23 04:12:49,336 log 228 Not Found: /sms_codes/18017163025/
WARNING 2020-04-23 04:12:49,337 log 228 Not Found: /mobiles/18017163025/count/
WARNING 2020-04-23 04:12:49,338 basehttp 154 "GET /mobiles/18017163025/count/ HTTP/1.1" 404 2794
WARNING 2020-04-23 04:12:49,339 basehttp 154 "GET /sms_codes/18017163025/?image_code=5rri&image_code_id=158197cf-2099-4b51-9da2-e65851ea1abb HTTP/1.1" 404 2853
WARNING 2020-04-23 04:12:51,409 log 228 Not Found: /mobiles/18017163025/count/
WARNING 2020-04-23 04:12:51,413 log 228 Not Found: /sms_codes/18017163025/
WARNING 2020-04-23 04:12:51,413 basehttp 154 "GET /sms_codes/18017163025/?image_code=5rri&image_code_id=158197cf-2099-4b51-9da2-e65851ea1abb HTTP/1.1" 404 2853
WARNING 2020-04-23 04:12:51,413 basehttp 154 "GET /mobiles/18017163025/count/ HTTP/1.1" 404 2794
WARNING 2020-04-23 04:13:11,444 log 228 Not Found: /mobiles/18017163025/count/
WARNING 2020-04-23 04:13:11,444 basehttp 154 "GET /mobiles/18017163025/count/ HTTP/1.1" 404 2794
WARNING 2020-04-23 04:13:11,447 log 228 Not Found: /sms_codes/18017163025/
WARNING 2020-04-23 04:13:11,448 basehttp 154 "GET /sms_codes/18017163025/?image_code=5rri&image_code_id=158197cf-2099-4b51-9da2-e65851ea1abb HTTP/1.1" 404 2853
INFO 2020-04-23 04:15:40,089 autoreload 597 Watching for file changes with StatReloader
INFO 2020-04-23 04:15:47,934 autoreload 597 Watching for file changes with StatReloader
WARNING 2020-04-23 04:15:52,447 log 228 Not Found: /mobiles/18017163025/count/
WARNING 2020-04-23 04:15:52,449 basehttp 154 "GET /mobiles/18017163025/count/ HTTP/1.1" 404 2793
INFO 2020-04-23 04:15:52,463 basehttp 154 "GET /sms_codes/18017163025/?image_code=5rri&image_code_id=158197cf-2099-4b51-9da2-e65851ea1abb HTTP/1.1" 200 69
INFO 2020-04-23 04:15:57,847 basehttp 154 "GET /image_codes/58d882aa-af11-4ae9-aa9c-48a691974ff9/ HTTP/1.1" 200 2983
WARNING 2020-04-23 04:16:06,311 log 228 Not Found: /mobiles/18017163025/count/
WARNING 2020-04-23 04:16:06,311 basehttp 154 "GET /mobiles/18017163025/count/ HTTP/1.1" 404 2793
WARNING 2020-04-23 04:16:14,271 log 228 Not Found: /mobiles/18017163025/count/
INFO 2020-04-23 04:16:14,273 views 67 333887
WARNING 2020-04-23 04:16:14,274 basehttp 154 "GET /mobiles/18017163025/count/ HTTP/1.1" 404 2793
ERROR 2020-04-23 04:16:14,312 log 228 Internal Server Error: /sms_codes/18017163025/
Traceback (most recent call last):
  File "/home/ubuntu/.virtualenvs/meiduo_mall_env/lib/python3.6/site-packages/django/core/handlers/exception.py", line 34, in inner
    response = get_response(request)
  File "/home/ubuntu/.virtualenvs/meiduo_mall_env/lib/python3.6/site-packages/django/core/handlers/base.py", line 115, in _get_response
    response = self.process_exception_by_middleware(e, request)
  File "/home/ubuntu/.virtualenvs/meiduo_mall_env/lib/python3.6/site-packages/django/core/handlers/base.py", line 113, in _get_response
    response = wrapped_callback(request, *callback_args, **callback_kwargs)
  File "/home/ubuntu/.virtualenvs/meiduo_mall_env/lib/python3.6/site-packages/django/views/generic/base.py", line 71, in view
    return self.dispatch(request, *args, **kwargs)
  File "/home/ubuntu/.virtualenvs/meiduo_mall_env/lib/python3.6/site-packages/django/views/generic/base.py", line 97, in dispatch
    return handler(request, *args, **kwargs)
  File "/home/ubuntu/Desktop/meiduo_mall_project/meiduo_mall/meiduo_mall/apps/verifications/views.py", line 80, in get
    __business_id = uuid.uuid1()
AttributeError: 'str' object has no attribute 'uuid1'
ERROR 2020-04-23 04:16:14,314 basehttp 154 "GET /sms_codes/18017163025/?image_code=GVID&image_code_id=58d882aa-af11-4ae9-aa9c-48a691974ff9 HTTP/1.1" 500 83620
INFO 2020-04-23 04:23:55,982 autoreload 217 /home/ubuntu/Desktop/meiduo_mall_project/meiduo_mall/meiduo_mall/apps/verifications/views.py changed, reloading.
INFO 2020-04-23 04:23:57,059 autoreload 597 Watching for file changes with StatReloader
INFO 2020-04-23 04:32:53,187 autoreload 597 Watching for file changes with StatReloader
INFO 2020-04-23 04:32:56,884 basehttp 154 "GET /image_codes/e5bdeeb5-9d62-4d1c-97b1-c17df96ea2c8/ HTTP/1.1" 200 3120
WARNING 2020-04-23 04:33:02,654 log 228 Not Found: /mobiles/18017163025/count/
WARNING 2020-04-23 04:33:02,655 basehttp 154 "GET /mobiles/18017163025/count/ HTTP/1.1" 404 2793
WARNING 2020-04-23 04:33:07,757 log 228 Not Found: /mobiles/18017163025/count/
WARNING 2020-04-23 04:33:07,760 basehttp 154 "GET /mobiles/18017163025/count/ HTTP/1.1" 404 2793
INFO 2020-04-23 04:33:07,760 views 68 903112
INFO 2020-04-23 04:33:08,203 basehttp 154 "GET /sms_codes/18017163025/?image_code=dbhp&image_code_id=e5bdeeb5-9d62-4d1c-97b1-c17df96ea2c8 HTTP/1.1" 200 61
INFO 2020-04-23 05:42:44,348 autoreload 217 /home/ubuntu/Desktop/meiduo_mall_project/meiduo_mall/meiduo_mall/apps/verifications/views.py changed, reloading.
INFO 2020-04-23 05:42:45,035 autoreload 597 Watching for file changes with StatReloader
INFO 2020-04-23 05:48:02,683 autoreload 217 /home/ubuntu/Desktop/meiduo_mall_project/meiduo_mall/celery_tasks/sms/tasks.py changed, reloading.
INFO 2020-04-23 05:48:03,246 autoreload 597 Watching for file changes with StatReloader
INFO 2020-04-23 05:49:12,021 autoreload 217 /home/ubuntu/Desktop/meiduo_mall_project/meiduo_mall/celery_tasks/sms/tasks.py changed, reloading.
INFO 2020-04-23 05:49:12,615 autoreload 597 Watching for file changes with StatReloader
INFO 2020-04-23 05:50:20,077 autoreload 597 Watching for file changes with StatReloader
INFO 2020-04-23 05:50:56,449 autoreload 597 Watching for file changes with StatReloader
INFO 2020-04-23 05:51:47,687 basehttp 154 "GET /image_codes/9f55920c-54bd-44e5-89eb-f1ba8da26a56/ HTTP/1.1" 200 3667
WARNING 2020-04-23 05:51:53,775 log 228 Not Found: /mobiles/18017163025/count/
WARNING 2020-04-23 05:51:53,776 basehttp 154 "GET /mobiles/18017163025/count/ HTTP/1.1" 404 2793
WARNING 2020-04-23 05:51:58,814 log 228 Not Found: /mobiles/18017163025/count/
INFO 2020-04-23 05:51:58,815 views 69 039945
WARNING 2020-04-23 05:51:58,815 basehttp 154 "GET /mobiles/18017163025/count/ HTTP/1.1" 404 2793
INFO 2020-04-23 05:51:58,943 basehttp 154 "GET /sms_codes/18017163025/?image_code=qmnz&image_code_id=9f55920c-54bd-44e5-89eb-f1ba8da26a56 HTTP/1.1" 200 61
INFO 2020-04-23 06:06:28,107 autoreload 597 Watching for file changes with StatReloader
INFO 2020-04-23 06:06:34,323 basehttp 154 "GET /image_codes/c6a7cfe4-d4bc-4dcc-8e8e-b02d8e086538/ HTTP/1.1" 200 3712
WARNING 2020-04-23 06:06:40,586 log 228 Not Found: /mobiles/18017163025/count/
WARNING 2020-04-23 06:06:40,587 basehttp 154 "GET /mobiles/18017163025/count/ HTTP/1.1" 404 2793
WARNING 2020-04-23 06:06:45,687 log 228 Not Found: /mobiles/18017163025/count/
INFO 2020-04-23 06:06:45,690 views 69 832379
WARNING 2020-04-23 06:06:45,690 basehttp 154 "GET /mobiles/18017163025/count/ HTTP/1.1" 404 2793
INFO 2020-04-23 06:06:45,818 basehttp 154 "GET /sms_codes/18017163025/?image_code=dgxc&image_code_id=c6a7cfe4-d4bc-4dcc-8e8e-b02d8e086538 HTTP/1.1" 200 61
INFO 2020-04-23 06:07:28,404 basehttp 154 "GET /image_codes/8eea503e-764b-4820-8487-cbf3dcfb80ff/ HTTP/1.1" 200 3350
WARNING 2020-04-23 06:07:35,859 log 228 Not Found: /mobiles/18017163025/count/
WARNING 2020-04-23 06:07:35,860 basehttp 154 "GET /mobiles/18017163025/count/ HTTP/1.1" 404 2793
WARNING 2020-04-23 06:07:40,755 log 228 Not Found: /mobiles/18017163025/count/
INFO 2020-04-23 06:07:40,757 basehttp 154 "GET /sms_codes/18017163025/?image_code=pxvc&image_code_id=8eea503e-764b-4820-8487-cbf3dcfb80ff HTTP/1.1" 200 75
WARNING 2020-04-23 06:07:40,759 basehttp 154 "GET /mobiles/18017163025/count/ HTTP/1.1" 404 2793
INFO 2020-04-23 06:08:29,061 basehttp 154 "GET /image_codes/d06c7562-309d-4e42-a8ea-0fa0386daf28/ HTTP/1.1" 200 3014
WARNING 2020-04-23 06:08:36,460 log 228 Not Found: /mobiles/18017163025/count/
WARNING 2020-04-23 06:08:36,461 basehttp 154 "GET /mobiles/18017163025/count/ HTTP/1.1" 404 2793
INFO 2020-04-23 06:08:36,530 basehttp 154 "GET /image_codes/4ff10537-9c7b-4356-8aa5-b3e2d8918631/ HTTP/1.1" 200 2932
WARNING 2020-04-23 06:08:55,436 log 228 Not Found: /mobiles/18017163025/count/
WARNING 2020-04-23 06:08:55,437 basehttp 154 "GET /mobiles/18017163025/count/ HTTP/1.1" 404 2793
INFO 2020-04-23 06:08:55,438 views 69 950667
INFO 2020-04-23 06:08:55,442 basehttp 154 "GET /sms_codes/18017163025/?image_code=bdcj&image_code_id=4ff10537-9c7b-4356-8aa5-b3e2d8918631 HTTP/1.1" 200 61
INFO 2020-04-24 13:16:43,749 autoreload 597 Watching for file changes with StatReloader
WARNING 2020-04-24 13:17:05,870 log 228 Not Found: /carts/simple/
WARNING 2020-04-24 13:17:05,872 basehttp 154 "GET /carts/simple/ HTTP/1.1" 404 2911
INFO 2020-04-24 13:17:10,715 basehttp 154 "GET /image_codes/da434efb-d048-41ee-ad8f-ffdd16329f3b/ HTTP/1.1" 200 3065
WARNING 2020-04-24 13:17:13,638 log 228 Not Found: /usernames/liutingpeng/count/
WARNING 2020-04-24 13:17:13,639 basehttp 154 "GET /usernames/liutingpeng/count/ HTTP/1.1" 404 2956
WARNING 2020-04-24 13:17:25,226 log 228 Not Found: /mobiles/18017163025/count/
WARNING 2020-04-24 13:17:25,228 basehttp 154 "GET /mobiles/18017163025/count/ HTTP/1.1" 404 2950
WARNING 2020-04-24 13:17:34,222 log 228 Not Found: /mobiles/18017163025/count/
WARNING 2020-04-24 13:17:34,222 basehttp 154 "GET /mobiles/18017163025/count/ HTTP/1.1" 404 2950
INFO 2020-04-24 13:17:34,223 basehttp 154 "GET /sms_codes/18017163025/?image_code=qbr5&image_code_id=da434efb-d048-41ee-ad8f-ffdd16329f3b HTTP/1.1" 200 81
INFO 2020-04-24 13:20:23,035 basehttp 154 "GET /image_codes/c38008ad-260b-4afd-bb83-b6f3a1ffd829/ HTTP/1.1" 200 3142
WARNING 2020-04-24 13:20:25,125 log 228 Not Found: /usernames/liutingpeng/count/
WARNING 2020-04-24 13:20:25,128 basehttp 154 "GET /usernames/liutingpeng/count/ HTTP/1.1" 404 2956
WARNING 2020-04-24 13:20:35,477 log 228 Not Found: /mobiles/18017163025/count/
WARNING 2020-04-24 13:20:35,478 basehttp 154 "GET /mobiles/18017163025/count/ HTTP/1.1" 404 2950
INFO 2020-04-24 13:20:36,590 basehttp 154 "GET /image_codes/e4ed1625-8ebf-4ed1-9495-c67dbb9a8fe9/ HTTP/1.1" 200 3108
WARNING 2020-04-24 13:20:40,109 log 228 Not Found: /usernames/liutingpeng/count/
WARNING 2020-04-24 13:20:40,111 basehttp 154 "GET /usernames/liutingpeng/count/ HTTP/1.1" 404 2956
WARNING 2020-04-24 13:20:40,113 log 228 Not Found: /mobiles/18017163025/count/
WARNING 2020-04-24 13:20:40,113 basehttp 154 "GET /mobiles/18017163025/count/ HTTP/1.1" 404 2950
WARNING 2020-04-24 13:20:43,334 log 228 Not Found: /mobiles/18017163025/count/
WARNING 2020-04-24 13:20:43,335 basehttp 154 "GET /mobiles/18017163025/count/ HTTP/1.1" 404 2950
INFO 2020-04-24 13:20:43,335 views 69 962706
INFO 2020-04-24 13:20:43,420 basehttp 154 "GET /sms_codes/18017163025/?image_code=aaxq&image_code_id=e4ed1625-8ebf-4ed1-9495-c67dbb9a8fe9 HTTP/1.1" 200 61
WARNING 2020-04-24 13:21:07,741 log 228 Not Found: /usernames/liutingpeng/count/
WARNING 2020-04-24 13:21:07,747 log 228 Not Found: /mobiles/18017163025/count/
WARNING 2020-04-24 13:21:07,747 basehttp 154 "GET /usernames/liutingpeng/count/ HTTP/1.1" 404 2956
WARNING 2020-04-24 13:21:07,748 basehttp 154 "GET /mobiles/18017163025/count/ HTTP/1.1" 404 2950
INFO 2020-04-24 13:21:07,750 basehttp 154 "OPTIONS /register/ HTTP/1.1" 200 0
WARNING 2020-04-24 13:21:07,755 log 228 Not Found: /register/
WARNING 2020-04-24 13:21:07,756 basehttp 154 "POST /register/ HTTP/1.1" 404 2900
WARNING 2020-04-24 13:21:17,089 log 228 Not Found: /mobiles/18017163025/count/
WARNING 2020-04-24 13:21:17,092 log 228 Not Found: /usernames/liutingpeng/count/
WARNING 2020-04-24 13:21:17,093 basehttp 154 "GET /usernames/liutingpeng/count/ HTTP/1.1" 404 2956
WARNING 2020-04-24 13:21:17,093 basehttp 154 "GET /mobiles/18017163025/count/ HTTP/1.1" 404 2950
WARNING 2020-04-24 13:21:17,094 log 228 Not Found: /register/
WARNING 2020-04-24 13:21:17,095 basehttp 154 "POST /register/ HTTP/1.1" 404 2900
WARNING 2020-04-24 13:21:17,584 log 228 Not Found: /mobiles/18017163025/count/
WARNING 2020-04-24 13:21:17,587 basehttp 154 "GET /mobiles/18017163025/count/ HTTP/1.1" 404 2950
WARNING 2020-04-24 13:21:17,589 log 228 Not Found: /register/
WARNING 2020-04-24 13:21:17,590 basehttp 154 "POST /register/ HTTP/1.1" 404 2900
WARNING 2020-04-24 13:21:17,591 log 228 Not Found: /usernames/liutingpeng/count/
WARNING 2020-04-24 13:21:17,592 basehttp 154 "GET /usernames/liutingpeng/count/ HTTP/1.1" 404 2956
WARNING 2020-04-24 13:21:17,979 log 228 Not Found: /mobiles/18017163025/count/
WARNING 2020-04-24 13:21:17,982 log 228 Not Found: /register/
WARNING 2020-04-24 13:21:17,984 log 228 Not Found: /usernames/liutingpeng/count/
WARNING 2020-04-24 13:21:17,984 basehttp 154 "GET /mobiles/18017163025/count/ HTTP/1.1" 404 2950
WARNING 2020-04-24 13:21:17,985 basehttp 154 "POST /register/ HTTP/1.1" 404 2900
WARNING 2020-04-24 13:21:17,986 basehttp 154 "GET /usernames/liutingpeng/count/ HTTP/1.1" 404 2956
INFO 2020-04-24 13:22:35,649 basehttp 154 "GET /image_codes/563cd04b-4870-49db-b713-15ec3e71a381/ HTTP/1.1" 200 3483
WARNING 2020-04-24 13:22:41,567 log 228 Not Found: /usernames/liutingpeng/count/
WARNING 2020-04-24 13:22:41,568 basehttp 154 "GET /usernames/liutingpeng/count/ HTTP/1.1" 404 2956
WARNING 2020-04-24 13:22:55,052 log 228 Not Found: /mobiles/18017163025/count/
WARNING 2020-04-24 13:22:55,053 basehttp 154 "GET /mobiles/18017163025/count/ HTTP/1.1" 404 2950
INFO 2020-04-24 13:22:57,212 basehttp 154 "GET /image_codes/99b9e953-8885-4241-926a-dc92f0bb2810/ HTTP/1.1" 200 3133
WARNING 2020-04-24 13:23:03,217 log 228 Not Found: /mobiles/18017163025/count/
WARNING 2020-04-24 13:23:03,218 basehttp 154 "GET /mobiles/18017163025/count/ HTTP/1.1" 404 2950
INFO 2020-04-24 13:23:03,219 views 69 867125
INFO 2020-04-24 13:23:03,221 basehttp 154 "GET /sms_codes/18017163025/?image_code=pqlr&image_code_id=99b9e953-8885-4241-926a-dc92f0bb2810 HTTP/1.1" 200 61
WARNING 2020-04-24 13:23:18,403 log 228 Not Found: /usernames/liutingpeng/count/
WARNING 2020-04-24 13:23:18,404 basehttp 154 "GET /usernames/liutingpeng/count/ HTTP/1.1" 404 2956
INFO 2020-04-24 13:23:18,408 basehttp 154 "OPTIONS /register/ HTTP/1.1" 200 0
WARNING 2020-04-24 13:23:18,410 log 228 Not Found: /mobiles/18017163025/count/
WARNING 2020-04-24 13:23:18,410 basehttp 154 "GET /mobiles/18017163025/count/ HTTP/1.1" 404 2950
WARNING 2020-04-24 13:23:18,414 log 228 Not Found: /register/
WARNING 2020-04-24 13:23:18,414 basehttp 154 "POST /register/ HTTP/1.1" 404 2900
WARNING 2020-04-24 13:23:22,762 log 228 Not Found: /usernames/liutingpeng/count/
WARNING 2020-04-24 13:23:22,768 log 228 Not Found: /mobiles/18017163025/count/
WARNING 2020-04-24 13:23:22,769 basehttp 154 "GET /usernames/liutingpeng/count/ HTTP/1.1" 404 2956
WARNING 2020-04-24 13:23:22,771 log 228 Not Found: /register/
WARNING 2020-04-24 13:23:22,771 basehttp 154 "GET /mobiles/18017163025/count/ HTTP/1.1" 404 2950
WARNING 2020-04-24 13:23:22,772 basehttp 154 "POST /register/ HTTP/1.1" 404 2900
WARNING 2020-04-24 13:23:24,091 log 228 Not Found: /register/
WARNING 2020-04-24 13:23:24,093 log 228 Not Found: /usernames/liutingpeng/count/
WARNING 2020-04-24 13:23:24,096 log 228 Not Found: /mobiles/18017163025/count/
WARNING 2020-04-24 13:23:24,097 basehttp 154 "GET /mobiles/18017163025/count/ HTTP/1.1" 404 2950
WARNING 2020-04-24 13:23:24,097 basehttp 154 "POST /register/ HTTP/1.1" 404 2900
WARNING 2020-04-24 13:23:24,098 basehttp 154 "GET /usernames/liutingpeng/count/ HTTP/1.1" 404 2956
WARNING 2020-04-24 13:23:25,083 log 228 Not Found: /mobiles/18017163025/count/
WARNING 2020-04-24 13:23:25,084 basehttp 154 "GET /mobiles/18017163025/count/ HTTP/1.1" 404 2950
WARNING 2020-04-24 13:23:25,085 log 228 Not Found: /register/
WARNING 2020-04-24 13:23:25,086 basehttp 154 "POST /register/ HTTP/1.1" 404 2900
WARNING 2020-04-24 13:23:25,087 log 228 Not Found: /usernames/liutingpeng/count/
WARNING 2020-04-24 13:23:25,088 basehttp 154 "GET /usernames/liutingpeng/count/ HTTP/1.1" 404 2956
WARNING 2020-04-24 13:23:25,327 log 228 Not Found: /register/
WARNING 2020-04-24 13:23:25,329 log 228 Not Found: /mobiles/18017163025/count/
WARNING 2020-04-24 13:23:25,330 basehttp 154 "GET /mobiles/18017163025/count/ HTTP/1.1" 404 2950
WARNING 2020-04-24 13:23:25,332 log 228 Not Found: /usernames/liutingpeng/count/
WARNING 2020-04-24 13:23:25,332 basehttp 154 "POST /register/ HTTP/1.1" 404 2900
WARNING 2020-04-24 13:23:25,332 basehttp 154 "GET /usernames/liutingpeng/count/ HTTP/1.1" 404 2956
WARNING 2020-04-24 13:23:34,151 log 228 Not Found: /mobiles/18017163025/count/
WARNING 2020-04-24 13:23:34,152 basehttp 154 "GET /mobiles/18017163025/count/ HTTP/1.1" 404 2950
WARNING 2020-04-24 13:23:34,157 log 228 Not Found: /register/
WARNING 2020-04-24 13:23:34,160 basehttp 154 "POST /register/ HTTP/1.1" 404 2900
WARNING 2020-04-24 13:23:34,163 log 228 Not Found: /usernames/liutingpeng/count/
WARNING 2020-04-24 13:23:34,164 basehttp 154 "GET /usernames/liutingpeng/count/ HTTP/1.1" 404 2956
INFO 2020-04-24 13:24:50,070 autoreload 597 Watching for file changes with StatReloader
WARNING 2020-04-24 13:24:57,835 log 228 Forbidden (CSRF cookie not set.): /register/
WARNING 2020-04-24 13:24:57,836 basehttp 154 "POST /register/ HTTP/1.1" 403 2868
INFO 2020-04-24 13:24:57,894 basehttp 154 "GET /usernames/liutingpeng/count/ HTTP/1.1" 200 39
INFO 2020-04-24 13:24:57,895 basehttp 154 "GET /mobiles/18017163025/count/ HTTP/1.1" 200 39
WARNING 2020-04-24 13:25:00,277 log 228 Forbidden (CSRF cookie not set.): /register/
WARNING 2020-04-24 13:25:00,280 basehttp 154 "POST /register/ HTTP/1.1" 403 2868
INFO 2020-04-24 13:25:00,281 basehttp 154 "GET /mobiles/18017163025/count/ HTTP/1.1" 200 39
INFO 2020-04-24 13:25:00,283 basehttp 154 "GET /usernames/liutingpeng/count/ HTTP/1.1" 200 39
INFO 2020-04-24 13:25:02,563 basehttp 154 "GET /image_codes/08dad562-4c7f-40aa-9840-8c2251eaf834/ HTTP/1.1" 200 3514
INFO 2020-04-24 13:25:05,005 basehttp 154 "GET /usernames/liutingpeng/count/ HTTP/1.1" 200 39
INFO 2020-04-24 13:25:15,324 basehttp 154 "GET /mobiles/18017163025/count/ HTTP/1.1" 200 39
INFO 2020-04-24 13:25:21,187 views 69 565555
INFO 2020-04-24 13:25:21,191 basehttp 154 "GET /mobiles/18017163025/count/ HTTP/1.1" 200 39
INFO 2020-04-24 13:25:21,305 basehttp 154 "GET /sms_codes/18017163025/?image_code=uzhw&image_code_id=08dad562-4c7f-40aa-9840-8c2251eaf834 HTTP/1.1" 200 61
WARNING 2020-04-24 13:25:35,371 log 228 Forbidden (CSRF cookie not set.): /register/
WARNING 2020-04-24 13:25:35,375 basehttp 154 "POST /register/ HTTP/1.1" 403 2868
INFO 2020-04-24 13:25:35,377 basehttp 154 "GET /usernames/liutingpeng/count/ HTTP/1.1" 200 39
INFO 2020-04-24 13:25:35,378 basehttp 154 "GET /mobiles/18017163025/count/ HTTP/1.1" 200 39
INFO 2020-04-24 13:30:01,997 autoreload 597 Watching for file changes with StatReloader
INFO 2020-04-24 13:30:39,138 basehttp 154 "GET /image_codes/e4e6c591-b260-47ba-b391-3abef7d3b60a/ HTTP/1.1" 200 3328
INFO 2020-04-24 13:30:45,190 basehttp 154 "GET /usernames/liutingpeng/count/ HTTP/1.1" 200 39
INFO 2020-04-24 13:30:58,941 basehttp 154 "GET /mobiles/18017163025/count/ HTTP/1.1" 200 39
INFO 2020-04-24 13:31:14,165 views 69 170332
INFO 2020-04-24 13:31:14,167 basehttp 154 "GET /mobiles/18017163025/count/ HTTP/1.1" 200 39
INFO 2020-04-24 13:31:14,291 basehttp 154 "GET /sms_codes/18017163025/?image_code=trkx&image_code_id=e4e6c591-b260-47ba-b391-3abef7d3b60a HTTP/1.1" 200 61
INFO 2020-04-24 13:31:28,466 basehttp 154 "GET /mobiles/18017163025/count/ HTTP/1.1" 200 39
INFO 2020-04-24 13:31:28,470 basehttp 154 "GET /usernames/liutingpeng/count/ HTTP/1.1" 200 39
WARNING 2020-04-24 13:31:28,480 log 228 Forbidden (CSRF cookie not set.): /register/
WARNING 2020-04-24 13:31:28,481 basehttp 154 "POST /register/ HTTP/1.1" 403 2868
WARNING 2020-04-24 13:31:45,818 log 228 Forbidden (CSRF cookie not set.): /register/
WARNING 2020-04-24 13:31:45,819 basehttp 154 "POST /register/ HTTP/1.1" 403 2868
INFO 2020-04-24 13:31:45,823 basehttp 154 "GET /usernames/liutingpeng/count/ HTTP/1.1" 200 39
INFO 2020-04-24 13:31:45,825 basehttp 154 "GET /mobiles/18017163025/count/ HTTP/1.1" 200 39
INFO 2020-04-24 13:38:20,685 basehttp 154 "GET /usernames/liutingpeng/count/ HTTP/1.1" 200 39
INFO 2020-04-24 13:38:20,707 basehttp 154 "GET /mobiles/18017163025/count/ HTTP/1.1" 200 39
INFO 2020-04-24 13:38:20,713 basehttp 154 "OPTIONS /register/ HTTP/1.1" 200 0
WARNING 2020-04-24 13:38:20,724 log 228 Forbidden (CSRF cookie not set.): /register/
WARNING 2020-04-24 13:38:20,726 basehttp 154 "POST /register/ HTTP/1.1" 403 2868
WARNING 2020-04-24 13:38:55,425 log 228 Forbidden (CSRF cookie not set.): /register/
INFO 2020-04-24 13:38:55,430 basehttp 154 "GET /usernames/liutingpeng/count/ HTTP/1.1" 200 39
WARNING 2020-04-24 13:38:55,431 basehttp 154 "POST /register/ HTTP/1.1" 403 2868
INFO 2020-04-24 13:38:55,433 basehttp 154 "GET /mobiles/18017163025/count/ HTTP/1.1" 200 39
WARNING 2020-04-24 13:38:57,294 log 228 Forbidden (CSRF cookie not set.): /register/
WARNING 2020-04-24 13:38:57,295 basehttp 154 "POST /register/ HTTP/1.1" 403 2868
INFO 2020-04-24 13:38:57,299 basehttp 154 "GET /usernames/liutingpeng/count/ HTTP/1.1" 200 39
INFO 2020-04-24 13:38:57,300 basehttp 154 "GET /mobiles/18017163025/count/ HTTP/1.1" 200 39
INFO 2020-04-24 13:43:42,578 autoreload 597 Watching for file changes with StatReloader
WARNING 2020-04-24 13:43:50,766 log 228 Forbidden (CSRF cookie not set.): /register/
WARNING 2020-04-24 13:43:50,767 basehttp 154 "POST /register/ HTTP/1.1" 403 2868
INFO 2020-04-24 13:43:50,795 basehttp 154 "GET /usernames/liutingpeng/count/ HTTP/1.1" 200 39
INFO 2020-04-24 13:43:50,796 basehttp 154 "GET /mobiles/18017163025/count/ HTTP/1.1" 200 39
INFO 2020-04-24 13:43:54,564 basehttp 154 "GET /image_codes/18636433-3208-42e4-b317-6813a828abcd/ HTTP/1.1" 200 3149
INFO 2020-04-24 13:44:02,018 basehttp 154 "GET /usernames/liutingpeng/count/ HTTP/1.1" 200 39
INFO 2020-04-24 13:44:13,454 basehttp 154 "GET /mobiles/18017163025/count/ HTTP/1.1" 200 39
INFO 2020-04-24 13:44:20,008 views 69 267371
INFO 2020-04-24 13:44:20,011 basehttp 154 "GET /mobiles/18017163025/count/ HTTP/1.1" 200 39
INFO 2020-04-24 13:44:20,145 basehttp 154 "GET /sms_codes/18017163025/?image_code=yuhr&image_code_id=18636433-3208-42e4-b317-6813a828abcd HTTP/1.1" 200 61
WARNING 2020-04-24 13:44:40,686 log 228 Forbidden (CSRF cookie not set.): /register/
WARNING 2020-04-24 13:44:40,688 basehttp 154 "POST /register/ HTTP/1.1" 403 2868
INFO 2020-04-24 13:44:40,711 basehttp 154 "GET /usernames/liutingpeng/count/ HTTP/1.1" 200 39
INFO 2020-04-24 13:44:40,712 basehttp 154 "GET /mobiles/18017163025/count/ HTTP/1.1" 200 39
WARNING 2020-04-24 13:45:13,000 log 228 Forbidden (CSRF cookie not set.): /register/
WARNING 2020-04-24 13:45:13,001 basehttp 154 "POST /register/ HTTP/1.1" 403 2868
INFO 2020-04-24 13:45:13,021 basehttp 154 "GET /mobiles/18017163025/count/ HTTP/1.1" 200 39
INFO 2020-04-24 13:45:13,022 basehttp 154 "GET /usernames/liutingpeng/count/ HTTP/1.1" 200 39
INFO 2020-04-24 13:46:33,822 autoreload 597 Watching for file changes with StatReloader
INFO 2020-04-24 13:46:38,108 basehttp 154 "GET /image_codes/b264016c-4ece-4160-96a4-2069933910d5/ HTTP/1.1" 200 3347
INFO 2020-04-24 13:46:40,224 basehttp 154 "GET /usernames/liutingpeng/count/ HTTP/1.1" 200 39
INFO 2020-04-24 13:46:50,818 basehttp 154 "GET /mobiles/18017163025/count/ HTTP/1.1" 200 39
INFO 2020-04-24 13:46:56,895 views 69 478227
INFO 2020-04-24 13:46:56,898 basehttp 154 "GET /mobiles/18017163025/count/ HTTP/1.1" 200 39
INFO 2020-04-24 13:46:57,023 basehttp 154 "GET /sms_codes/18017163025/?image_code=3tuv&image_code_id=b264016c-4ece-4160-96a4-2069933910d5 HTTP/1.1" 200 61
INFO 2020-04-24 13:47:33,009 basehttp 154 "GET /image_codes/b0fbc86a-91d4-4eb4-8a9b-14d53df6353f/ HTTP/1.1" 200 3130
INFO 2020-04-24 13:47:35,187 basehttp 154 "GET /usernames/liutingpeng/count/ HTTP/1.1" 200 39
INFO 2020-04-24 13:47:43,920 basehttp 154 "GET /mobiles/18017163025/count/ HTTP/1.1" 200 39
INFO 2020-04-24 13:47:49,196 basehttp 154 "GET /sms_codes/18017163025/?image_code=ytgs&image_code_id=b0fbc86a-91d4-4eb4-8a9b-14d53df6353f HTTP/1.1" 200 75
INFO 2020-04-24 13:47:49,208 basehttp 154 "GET /mobiles/18017163025/count/ HTTP/1.1" 200 39
INFO 2020-04-24 13:48:39,304 basehttp 154 "GET /image_codes/7baeb5d6-bcbd-4d7c-a9e9-6fbe0c959581/ HTTP/1.1" 200 3018
INFO 2020-04-24 13:48:42,098 basehttp 154 "GET /usernames/liutingpeng/count/ HTTP/1.1" 200 39
INFO 2020-04-24 13:48:52,328 basehttp 154 "GET /mobiles/18017163025/count/ HTTP/1.1" 200 39
INFO 2020-04-24 13:49:02,948 basehttp 154 "GET /sms_codes/18017163025/?image_code=ed+h&image_code_id=7baeb5d6-bcbd-4d7c-a9e9-6fbe0c959581 HTTP/1.1" 200 81
INFO 2020-04-24 13:49:02,950 basehttp 154 "GET /mobiles/18017163025/count/ HTTP/1.1" 200 39
INFO 2020-04-24 13:49:38,074 autoreload 597 Watching for file changes with StatReloader
INFO 2020-04-24 13:50:23,628 basehttp 154 "GET /image_codes/77ab1b8f-2221-4ee3-aac0-d9d3754f4e1a/ HTTP/1.1" 200 2885
INFO 2020-04-24 13:50:26,739 basehttp 154 "GET /usernames/liutingpeng/count/ HTTP/1.1" 200 39
INFO 2020-04-24 13:50:38,584 basehttp 154 "GET /mobiles/18017163025/count/ HTTP/1.1" 200 39
INFO 2020-04-24 13:50:44,179 views 69 519120
INFO 2020-04-24 13:50:44,180 basehttp 154 "GET /mobiles/18017163025/count/ HTTP/1.1" 200 39
INFO 2020-04-24 13:50:44,310 basehttp 154 "GET /sms_codes/18017163025/?image_code=csvh&image_code_id=77ab1b8f-2221-4ee3-aac0-d9d3754f4e1a HTTP/1.1" 200 61
INFO 2020-04-24 13:52:05,639 autoreload 217 /home/ubuntu/Desktop/meiduo_mall_project/meiduo_mall/meiduo_mall/apps/verifications/views.py changed, reloading.
INFO 2020-04-24 13:52:06,051 autoreload 597 Watching for file changes with StatReloader
INFO 2020-04-24 13:52:11,579 basehttp 154 "OPTIONS /register/ HTTP/1.1" 200 0
INFO 2020-04-24 13:52:11,597 basehttp 154 "GET /mobiles/18017163025/count/ HTTP/1.1" 200 39
INFO 2020-04-24 13:52:11,601 basehttp 154 "GET /usernames/liutingpeng/count/ HTTP/1.1" 200 39
INFO 2020-04-24 13:52:11,712 basehttp 154 "POST /register/ HTTP/1.1" 200 27
WARNING 2020-04-24 13:52:12,263 log 228 Not Found: /carts/simple/
WARNING 2020-04-24 13:52:12,264 basehttp 154 "GET /carts/simple/ HTTP/1.1" 404 2908
INFO 2020-04-27 01:54:53,850 autoreload 597 Watching for file changes with StatReloader
WARNING 2020-04-27 02:01:58,374 log 228 Not Found: /carts/simple/
WARNING 2020-04-27 02:01:58,375 basehttp 154 "GET /carts/simple/ HTTP/1.1" 404 2908
INFO 2020-04-27 02:02:00,483 basehttp 154 "GET /image_codes/2e7bdb16-704f-4e73-bc32-6f298cdd9ec1/ HTTP/1.1" 200 3764
INFO 2020-04-27 02:02:02,519 basehttp 154 "GET /usernames/liutingpeng/count/ HTTP/1.1" 200 39
INFO 2020-04-27 02:02:05,157 basehttp 154 "GET /usernames/liutingpeng/count/ HTTP/1.1" 200 39
INFO 2020-04-27 02:02:08,462 basehttp 154 "GET /usernames/liutingpeng/count/ HTTP/1.1" 200 39
INFO 2020-04-27 02:02:14,599 basehttp 154 "GET /usernames/liutingpeng/count/ HTTP/1.1" 200 39
INFO 2020-04-27 02:02:30,474 basehttp 154 "GET /usernames/erzi123/count/ HTTP/1.1" 200 39
INFO 2020-04-27 02:02:43,392 basehttp 154 "GET /mobiles/18017163026/count/ HTTP/1.1" 200 39
INFO 2020-04-27 02:02:49,677 views 69 527273
INFO 2020-04-27 02:02:49,679 basehttp 154 "GET /sms_codes/18017163026/?image_code=4wxn&image_code_id=2e7bdb16-704f-4e73-bc32-6f298cdd9ec1 HTTP/1.1" 200 61
INFO 2020-04-27 02:02:49,680 basehttp 154 "GET /mobiles/18017163026/count/ HTTP/1.1" 200 39
INFO 2020-04-27 02:03:02,575 basehttp 154 "GET /usernames/erzi123/count/ HTTP/1.1" 200 39
INFO 2020-04-27 02:03:02,578 basehttp 154 "GET /mobiles/18017163026/count/ HTTP/1.1" 200 39
INFO 2020-04-27 02:03:02,586 basehttp 154 "OPTIONS /register/ HTTP/1.1" 200 0
INFO 2020-04-27 02:03:02,757 basehttp 154 "POST /register/ HTTP/1.1" 200 27
WARNING 2020-04-27 02:03:03,066 log 228 Not Found: /carts/simple/
WARNING 2020-04-27 02:03:03,066 basehttp 154 "GET /carts/simple/ HTTP/1.1" 404 2908
WARNING 2020-04-27 02:04:51,330 log 228 Not Found: /carts/simple/
WARNING 2020-04-27 02:04:51,331 basehttp 154 "GET /carts/simple/ HTTP/1.1" 404 2908
WARNING 2020-04-27 02:05:15,622 log 228 Not Found: /carts/simple/
WARNING 2020-04-27 02:05:15,623 basehttp 154 "GET /carts/simple/ HTTP/1.1" 404 2908
INFO 2020-04-27 02:24:32,540 autoreload 217 /home/ubuntu/Desktop/meiduo_mall_project/meiduo_mall/meiduo_mall/apps/users/urls.py changed, reloading.
INFO 2020-04-27 02:24:33,848 autoreload 597 Watching for file changes with StatReloader
INFO 2020-04-27 02:31:52,488 autoreload 597 Watching for file changes with StatReloader
INFO 2020-04-27 02:32:09,365 basehttp 154 "OPTIONS /login/ HTTP/1.1" 200 0
INFO 2020-04-27 02:32:09,468 basehttp 154 "POST /login/ HTTP/1.1" 200 75
ERROR 2020-04-27 02:32:18,680 log 228 Internal Server Error: /login/
Traceback (most recent call last):
  File "/home/ubuntu/.virtualenvs/meiduo_mall_env/lib/python3.6/site-packages/django/core/handlers/exception.py", line 34, in inner
    response = get_response(request)
  File "/home/ubuntu/.virtualenvs/meiduo_mall_env/lib/python3.6/site-packages/django/core/handlers/base.py", line 115, in _get_response
    response = self.process_exception_by_middleware(e, request)
  File "/home/ubuntu/.virtualenvs/meiduo_mall_env/lib/python3.6/site-packages/django/core/handlers/base.py", line 113, in _get_response
    response = wrapped_callback(request, *callback_args, **callback_kwargs)
  File "/home/ubuntu/.virtualenvs/meiduo_mall_env/lib/python3.6/site-packages/django/views/generic/base.py", line 71, in view
    return self.dispatch(request, *args, **kwargs)
  File "/home/ubuntu/.virtualenvs/meiduo_mall_env/lib/python3.6/site-packages/django/views/generic/base.py", line 97, in dispatch
    return handler(request, *args, **kwargs)
  File "/home/ubuntu/Desktop/meiduo_mall_project/meiduo_mall/meiduo_mall/apps/users/views.py", line 145, in post
    request.sission.set_expiry(0)
AttributeError: 'WSGIRequest' object has no attribute 'sission'
ERROR 2020-04-27 02:32:18,681 basehttp 154 "POST /login/ HTTP/1.1" 500 81134
INFO 2020-04-27 02:32:51,880 autoreload 597 Watching for file changes with StatReloader
INFO 2020-04-27 02:32:54,239 basehttp 154 "POST /login/ HTTP/1.1" 200 27
WARNING 2020-04-27 02:32:54,566 log 228 Not Found: /carts/simple/
WARNING 2020-04-27 02:32:54,566 basehttp 154 "GET /carts/simple/ HTTP/1.1" 404 3063
WARNING 2020-04-27 02:33:00,005 log 228 Not Found: /carts/simple/
WARNING 2020-04-27 02:33:00,007 basehttp 154 "GET /carts/simple/ HTTP/1.1" 404 3063
WARNING 2020-04-27 02:33:16,467 log 228 Not Found: /carts/simple/
WARNING 2020-04-27 02:33:16,467 basehttp 154 "GET /carts/simple/ HTTP/1.1" 404 3063
WARNING 2020-04-27 02:33:20,809 log 228 Not Found: /info/
WARNING 2020-04-27 02:33:20,816 log 228 Not Found: /browse_histories/
WARNING 2020-04-27 02:33:20,817 basehttp 154 "GET /browse_histories/ HTTP/1.1" 404 3075
WARNING 2020-04-27 02:33:20,819 basehttp 154 "GET /info/ HTTP/1.1" 404 3039
INFO 2020-04-27 02:33:47,983 basehttp 154 "POST /login/ HTTP/1.1" 200 27
WARNING 2020-04-27 02:33:48,252 log 228 Not Found: /carts/simple/
WARNING 2020-04-27 02:33:48,253 basehttp 154 "GET /carts/simple/ HTTP/1.1" 404 3063
WARNING 2020-04-27 02:34:15,894 log 228 Not Found: /carts/simple/
WARNING 2020-04-27 02:34:15,895 basehttp 154 "GET /carts/simple/ HTTP/1.1" 404 3063
INFO 2020-04-27 02:34:39,241 basehttp 154 "OPTIONS /login/ HTTP/1.1" 200 0
INFO 2020-04-27 02:34:39,339 basehttp 154 "POST /login/ HTTP/1.1" 200 27
WARNING 2020-04-27 02:34:39,597 log 228 Not Found: /carts/simple/
WARNING 2020-04-27 02:34:39,598 basehttp 154 "GET /carts/simple/ HTTP/1.1" 404 3063
WARNING 2020-04-27 02:34:54,136 log 228 Not Found: /carts/simple/
WARNING 2020-04-27 02:34:54,136 basehttp 154 "GET /carts/simple/ HTTP/1.1" 404 3063
WARNING 2020-04-27 02:35:33,171 log 228 Not Found: /carts/simple/
WARNING 2020-04-27 02:35:33,173 basehttp 154 "GET /carts/simple/ HTTP/1.1" 404 3063
WARNING 2020-04-27 02:35:50,078 log 228 Not Found: /carts/simple/
WARNING 2020-04-27 02:35:50,078 basehttp 154 "GET /carts/simple/ HTTP/1.1" 404 3063
INFO 2020-04-27 02:36:04,581 basehttp 154 "OPTIONS /login/ HTTP/1.1" 200 0
INFO 2020-04-27 02:36:04,676 basehttp 154 "POST /login/ HTTP/1.1" 200 27
WARNING 2020-04-27 02:36:04,978 log 228 Not Found: /carts/simple/
WARNING 2020-04-27 02:36:04,978 basehttp 154 "GET /carts/simple/ HTTP/1.1" 404 3063
WARNING 2020-04-27 02:36:11,412 log 228 Not Found: /carts/simple/
WARNING 2020-04-27 02:36:11,413 basehttp 154 "GET /carts/simple/ HTTP/1.1" 404 3063
WARNING 2020-04-27 02:36:36,152 log 228 Not Found: /carts/simple/
WARNING 2020-04-27 02:36:36,152 basehttp 154 "GET /carts/simple/ HTTP/1.1" 404 3063
INFO 2020-04-27 02:53:11,512 autoreload 597 Watching for file changes with StatReloader
INFO 2020-04-27 02:53:26,876 basehttp 154 "OPTIONS /login/ HTTP/1.1" 200 0
INFO 2020-04-27 02:53:26,987 basehttp 154 "POST /login/ HTTP/1.1" 200 27
WARNING 2020-04-27 02:53:27,291 log 228 Not Found: /carts/simple/
WARNING 2020-04-27 02:53:27,292 basehttp 154 "GET /carts/simple/ HTTP/1.1" 404 3063
INFO 2020-04-27 02:55:18,576 autoreload 217 /home/ubuntu/Desktop/meiduo_mall_project/meiduo_mall/meiduo_mall/apps/users/views.py changed, reloading.
INFO 2020-04-27 02:55:19,415 autoreload 597 Watching for file changes with StatReloader
INFO 2020-04-27 03:00:52,372 autoreload 597 Watching for file changes with StatReloader
INFO 2020-04-27 03:00:58,577 basehttp 154 "GET /image_codes/044a9918-029b-48e4-b669-a84cbc16b311/ HTTP/1.1" 200 3122
INFO 2020-04-27 03:01:04,659 basehttp 154 "GET /image_codes/6b4bd0f2-7195-4402-be5c-07ae533c95bf/ HTTP/1.1" 200 3117
WARNING 2020-04-27 03:01:11,093 log 228 Not Found: /carts/simple/
WARNING 2020-04-27 03:01:11,094 basehttp 154 "GET /carts/simple/ HTTP/1.1" 404 3063
INFO 2020-04-27 03:01:22,668 basehttp 154 "POST /login/ HTTP/1.1" 200 27
WARNING 2020-04-27 03:01:22,930 log 228 Not Found: /carts/simple/
WARNING 2020-04-27 03:01:22,932 basehttp 154 "GET /carts/simple/ HTTP/1.1" 404 3063
INFO 2020-04-27 03:01:52,932 autoreload 597 Watching for file changes with StatReloader
WARNING 2020-04-27 03:01:57,593 log 228 Not Found: /carts/simple/
WARNING 2020-04-27 03:01:57,594 basehttp 154 "GET /carts/simple/ HTTP/1.1" 404 3063
INFO 2020-04-27 03:01:58,924 basehttp 154 "OPTIONS /logout/ HTTP/1.1" 200 0
WARNING 2020-04-27 03:01:58,931 log 228 Not Found: /logout/
WARNING 2020-04-27 03:01:58,931 basehttp 154 "DELETE /logout/ HTTP/1.1" 404 3048
WARNING 2020-04-27 03:01:59,924 log 228 Not Found: /logout/
WARNING 2020-04-27 03:01:59,924 basehttp 154 "DELETE /logout/ HTTP/1.1" 404 3048
WARNING 2020-04-27 03:02:04,550 log 228 Not Found: /carts/simple/
WARNING 2020-04-27 03:02:04,551 basehttp 154 "GET /carts/simple/ HTTP/1.1" 404 3063
WARNING 2020-04-27 03:02:21,142 log 228 Not Found: /carts/simple/
WARNING 2020-04-27 03:02:21,142 basehttp 154 "GET /carts/simple/ HTTP/1.1" 404 3063
INFO 2020-04-27 03:02:30,832 basehttp 154 "POST /login/ HTTP/1.1" 200 27
WARNING 2020-04-27 03:02:31,126 log 228 Not Found: /carts/simple/
WARNING 2020-04-27 03:02:31,126 basehttp 154 "GET /carts/simple/ HTTP/1.1" 404 3063
INFO 2020-04-27 03:05:45,311 autoreload 217 /home/ubuntu/Desktop/meiduo_mall_project/meiduo_mall/meiduo_mall/apps/users/views.py changed, reloading.
INFO 2020-04-27 03:05:46,097 autoreload 597 Watching for file changes with StatReloader
INFO 2020-04-27 03:06:58,626 autoreload 597 Watching for file changes with StatReloader
INFO 2020-04-27 03:07:02,802 basehttp 154 "DELETE /logout/ HTTP/1.1" 200 27
INFO 2020-04-27 03:11:29,254 autoreload 217 /home/ubuntu/Desktop/meiduo_mall_project/meiduo_mall/meiduo_mall/apps/users/views.py changed, reloading.
INFO 2020-04-27 03:11:29,675 autoreload 597 Watching for file changes with StatReloader
INFO 2020-04-27 03:25:54,641 autoreload 597 Watching for file changes with StatReloader
INFO 2020-04-27 03:26:01,988 basehttp 154 "OPTIONS /login/ HTTP/1.1" 200 0
INFO 2020-04-27 03:26:02,106 basehttp 154 "POST /login/ HTTP/1.1" 200 27
WARNING 2020-04-27 03:26:02,452 log 228 Not Found: /carts/simple/
WARNING 2020-04-27 03:26:02,454 basehttp 154 "GET /carts/simple/ HTTP/1.1" 404 3373
WARNING 2020-04-27 03:26:04,045 log 228 Not Found: /browse_histories/
WARNING 2020-04-27 03:26:04,047 basehttp 154 "GET /browse_histories/ HTTP/1.1" 404 3385
ERROR 2020-04-27 03:26:04,110 log 228 Internal Server Error: /info/
Traceback (most recent call last):
  File "/home/ubuntu/.virtualenvs/meiduo_mall_env/lib/python3.6/site-packages/django/core/handlers/exception.py", line 34, in inner
    response = get_response(request)
  File "/home/ubuntu/.virtualenvs/meiduo_mall_env/lib/python3.6/site-packages/django/core/handlers/base.py", line 126, in _get_response
    "returned None instead." % (callback.__module__, view_name)
ValueError: The view meiduo_mall.utils.view.wrapper didn't return an HttpResponse object. It returned None instead.
ERROR 2020-04-27 03:26:04,111 basehttp 154 "GET /info/ HTTP/1.1" 500 61787
INFO 2020-04-27 03:26:18,179 basehttp 154 "POST /login/ HTTP/1.1" 200 27
WARNING 2020-04-27 03:26:18,446 log 228 Not Found: /carts/simple/
WARNING 2020-04-27 03:26:18,447 basehttp 154 "GET /carts/simple/ HTTP/1.1" 404 3373
WARNING 2020-04-27 03:26:20,182 log 228 Not Found: /browse_histories/
WARNING 2020-04-27 03:26:20,182 basehttp 154 "GET /browse_histories/ HTTP/1.1" 404 3385
ERROR 2020-04-27 03:26:20,232 log 228 Internal Server Error: /info/
Traceback (most recent call last):
  File "/home/ubuntu/.virtualenvs/meiduo_mall_env/lib/python3.6/site-packages/django/core/handlers/exception.py", line 34, in inner
    response = get_response(request)
  File "/home/ubuntu/.virtualenvs/meiduo_mall_env/lib/python3.6/site-packages/django/core/handlers/base.py", line 126, in _get_response
    "returned None instead." % (callback.__module__, view_name)
ValueError: The view meiduo_mall.utils.view.wrapper didn't return an HttpResponse object. It returned None instead.
ERROR 2020-04-27 03:26:20,234 basehttp 154 "GET /info/ HTTP/1.1" 500 61787
INFO 2020-04-27 03:29:55,733 autoreload 597 Watching for file changes with StatReloader
INFO 2020-04-27 03:30:05,209 basehttp 154 "POST /login/ HTTP/1.1" 200 27
WARNING 2020-04-27 03:30:05,503 log 228 Not Found: /carts/simple/
WARNING 2020-04-27 03:30:05,504 basehttp 154 "GET /carts/simple/ HTTP/1.1" 404 3373
INFO 2020-04-27 03:30:07,169 basehttp 154 "GET /info/ HTTP/1.1" 200 27
WARNING 2020-04-27 03:30:07,179 log 228 Not Found: /browse_histories/
WARNING 2020-04-27 03:30:07,180 basehttp 154 "GET /browse_histories/ HTTP/1.1" 404 3385
INFO 2020-04-27 03:32:35,346 autoreload 597 Watching for file changes with StatReloader
INFO 2020-04-27 03:32:46,342 basehttp 154 "POST /login/ HTTP/1.1" 200 27
WARNING 2020-04-27 03:32:46,673 log 228 Not Found: /carts/simple/
WARNING 2020-04-27 03:32:46,673 basehttp 154 "GET /carts/simple/ HTTP/1.1" 404 3373
WARNING 2020-04-27 03:32:48,152 log 228 Not Found: /browse_histories/
WARNING 2020-04-27 03:32:48,153 basehttp 154 "GET /browse_histories/ HTTP/1.1" 404 3385
INFO 2020-04-27 03:32:48,180 basehttp 154 "GET /info/ HTTP/1.1" 200 12
INFO 2020-04-27 03:35:10,662 basehttp 154 "POST /login/ HTTP/1.1" 200 27
WARNING 2020-04-27 03:35:10,963 log 228 Not Found: /carts/simple/
WARNING 2020-04-27 03:35:10,963 basehttp 154 "GET /carts/simple/ HTTP/1.1" 404 3373
INFO 2020-04-27 03:35:20,867 basehttp 154 "GET /info/ HTTP/1.1" 200 12
WARNING 2020-04-27 03:35:20,875 log 228 Not Found: /browse_histories/
WARNING 2020-04-27 03:35:20,882 basehttp 154 "GET /browse_histories/ HTTP/1.1" 404 3385
INFO 2020-04-27 03:36:19,752 basehttp 154 "OPTIONS /login/ HTTP/1.1" 200 0
INFO 2020-04-27 03:36:19,878 basehttp 154 "POST /login/ HTTP/1.1" 200 27
WARNING 2020-04-27 03:36:20,343 log 228 Not Found: /carts/simple/
WARNING 2020-04-27 03:36:20,344 basehttp 154 "GET /carts/simple/ HTTP/1.1" 404 3373
WARNING 2020-04-27 03:36:42,541 log 228 Not Found: /browse_histories/
WARNING 2020-04-27 03:36:42,547 basehttp 154 "GET /browse_histories/ HTTP/1.1" 404 3385
INFO 2020-04-27 03:36:42,546 basehttp 154 "GET /info/ HTTP/1.1" 200 12
INFO 2020-04-27 03:38:21,440 basehttp 154 "POST /login/ HTTP/1.1" 200 27
WARNING 2020-04-27 03:38:21,735 log 228 Not Found: /carts/simple/
WARNING 2020-04-27 03:38:21,735 basehttp 154 "GET /carts/simple/ HTTP/1.1" 404 3373
INFO 2020-04-27 03:38:31,355 basehttp 154 "OPTIONS /logout/ HTTP/1.1" 200 0
INFO 2020-04-27 03:38:31,366 basehttp 154 "DELETE /logout/ HTTP/1.1" 200 27
INFO 2020-04-27 03:38:44,769 basehttp 154 "POST /login/ HTTP/1.1" 200 27
WARNING 2020-04-27 03:38:45,080 log 228 Not Found: /carts/simple/
WARNING 2020-04-27 03:38:45,080 basehttp 154 "GET /carts/simple/ HTTP/1.1" 404 3373
WARNING 2020-04-27 03:38:51,152 log 228 Not Found: /browse_histories/
WARNING 2020-04-27 03:38:51,155 basehttp 154 "GET /browse_histories/ HTTP/1.1" 404 3385
INFO 2020-04-27 03:38:51,158 basehttp 154 "GET /info/ HTTP/1.1" 200 12
INFO 2020-04-27 03:42:41,769 autoreload 597 Watching for file changes with StatReloader
INFO 2020-04-27 03:42:52,758 basehttp 154 "POST /login/ HTTP/1.1" 200 27
WARNING 2020-04-27 03:42:53,075 log 228 Not Found: /carts/simple/
WARNING 2020-04-27 03:42:53,076 basehttp 154 "GET /carts/simple/ HTTP/1.1" 404 3373
WARNING 2020-04-27 03:42:54,588 log 228 Not Found: /browse_histories/
WARNING 2020-04-27 03:42:54,591 basehttp 154 "GET /browse_histories/ HTTP/1.1" 404 3385
INFO 2020-04-27 03:42:54,603 basehttp 154 "GET /info/ HTTP/1.1" 200 12
INFO 2020-04-27 03:43:31,151 autoreload 597 Watching for file changes with StatReloader
INFO 2020-04-27 03:43:44,360 basehttp 154 "POST /login/ HTTP/1.1" 200 27
WARNING 2020-04-27 03:43:44,664 log 228 Not Found: /carts/simple/
WARNING 2020-04-27 03:43:44,666 basehttp 154 "GET /carts/simple/ HTTP/1.1" 404 3373
WARNING 2020-04-27 03:43:45,845 log 228 Not Found: /browse_histories/
WARNING 2020-04-27 03:43:45,852 basehttp 154 "GET /browse_histories/ HTTP/1.1" 404 3385
INFO 2020-04-27 03:45:14,993 basehttp 154 "GET /info/ HTTP/1.1" 200 12
INFO 2020-04-27 03:48:51,870 autoreload 597 Watching for file changes with StatReloader
INFO 2020-04-27 03:49:04,237 basehttp 154 "OPTIONS /login/ HTTP/1.1" 200 0
INFO 2020-04-27 03:49:04,338 basehttp 154 "POST /login/ HTTP/1.1" 200 27
WARNING 2020-04-27 03:49:04,622 log 228 Not Found: /carts/simple/
WARNING 2020-04-27 03:49:04,624 basehttp 154 "GET /carts/simple/ HTTP/1.1" 404 3373
INFO 2020-04-27 03:49:06,256 basehttp 154 "GET /info/ HTTP/1.1" 200 0
WARNING 2020-04-27 03:49:06,266 log 228 Not Found: /browse_histories/
WARNING 2020-04-27 03:49:06,267 basehttp 154 "GET /browse_histories/ HTTP/1.1" 404 3385
INFO 2020-04-27 03:49:26,253 autoreload 597 Watching for file changes with StatReloader
INFO 2020-04-27 03:49:36,001 basehttp 154 "POST /login/ HTTP/1.1" 200 27
WARNING 2020-04-27 03:49:36,345 log 228 Not Found: /carts/simple/
WARNING 2020-04-27 03:49:36,345 basehttp 154 "GET /carts/simple/ HTTP/1.1" 404 3373
WARNING 2020-04-27 03:49:37,771 log 228 Not Found: /browse_histories/
WARNING 2020-04-27 03:49:37,773 basehttp 154 "GET /browse_histories/ HTTP/1.1" 404 3385
ERROR 2020-04-27 03:49:37,813 log 228 Internal Server Error: /info/
Traceback (most recent call last):
  File "/home/ubuntu/.virtualenvs/meiduo_mall_env/lib/python3.6/site-packages/django/core/handlers/exception.py", line 34, in inner
    response = get_response(request)
  File "/home/ubuntu/.virtualenvs/meiduo_mall_env/lib/python3.6/site-packages/django/core/handlers/base.py", line 126, in _get_response
    "returned None instead." % (callback.__module__, view_name)
ValueError: The view meiduo_mall.utils.view.wrapper didn't return an HttpResponse object. It returned None instead.
ERROR 2020-04-27 03:49:37,815 basehttp 154 "GET /info/ HTTP/1.1" 500 61787
INFO 2020-04-27 03:50:26,375 autoreload 597 Watching for file changes with StatReloader
INFO 2020-04-27 03:52:10,216 autoreload 597 Watching for file changes with StatReloader
INFO 2020-04-27 03:52:30,762 autoreload 597 Watching for file changes with StatReloader
INFO 2020-04-27 03:52:34,378 basehttp 154 "POST /login/ HTTP/1.1" 200 27
WARNING 2020-04-27 03:52:34,684 log 228 Not Found: /carts/simple/
WARNING 2020-04-27 03:52:34,685 basehttp 154 "GET /carts/simple/ HTTP/1.1" 404 3373
WARNING 2020-04-27 03:52:46,399 log 228 Not Found: /browse_histories/
WARNING 2020-04-27 03:52:46,401 basehttp 154 "GET /browse_histories/ HTTP/1.1" 404 3385
INFO 2020-04-27 03:52:46,413 basehttp 154 "GET /info/ HTTP/1.1" 200 3
INFO 2020-04-27 03:53:07,016 autoreload 597 Watching for file changes with StatReloader
INFO 2020-04-27 03:53:16,772 basehttp 154 "OPTIONS /login/ HTTP/1.1" 200 0
INFO 2020-04-27 03:53:16,921 basehttp 154 "POST /login/ HTTP/1.1" 200 27
WARNING 2020-04-27 03:53:17,212 log 228 Not Found: /carts/simple/
WARNING 2020-04-27 03:53:17,213 basehttp 154 "GET /carts/simple/ HTTP/1.1" 404 3373
WARNING 2020-04-27 03:53:19,549 log 228 Not Found: /browse_histories/
WARNING 2020-04-27 03:53:19,558 basehttp 154 "GET /browse_histories/ HTTP/1.1" 404 3385
INFO 2020-04-27 03:53:50,669 basehttp 154 "GET /info/ HTTP/1.1" 200 3
INFO 2020-04-27 03:54:10,798 basehttp 154 "POST /login/ HTTP/1.1" 200 27
WARNING 2020-04-27 03:54:11,067 log 228 Not Found: /carts/simple/
WARNING 2020-04-27 03:54:11,068 basehttp 154 "GET /carts/simple/ HTTP/1.1" 404 3373
INFO 2020-04-27 03:55:59,614 basehttp 154 "POST /login/ HTTP/1.1" 200 27
INFO 2020-04-27 03:56:52,514 basehttp 154 "OPTIONS /logout/ HTTP/1.1" 200 0
INFO 2020-04-27 03:56:52,541 basehttp 154 "DELETE /logout/ HTTP/1.1" 200 27
INFO 2020-04-27 03:57:42,816 basehttp 154 "POST /login/ HTTP/1.1" 200 27
WARNING 2020-04-27 03:57:43,604 log 228 Not Found: /carts/simple/
WARNING 2020-04-27 03:57:43,611 basehttp 154 "GET /carts/simple/ HTTP/1.1" 404 3373
INFO 2020-04-27 03:57:56,593 autoreload 597 Watching for file changes with StatReloader
WARNING 2020-04-27 03:58:06,964 log 228 Not Found: /browse_histories/
WARNING 2020-04-27 03:58:06,965 basehttp 154 "GET /browse_histories/ HTTP/1.1" 404 3385
INFO 2020-04-27 03:58:07,002 basehttp 154 "GET /info/ HTTP/1.1" 200 3
INFO 2020-04-27 04:04:14,704 autoreload 597 Watching for file changes with StatReloader
WARNING 2020-04-27 04:04:28,395 log 228 Not Found: /carts/simple/
WARNING 2020-04-27 04:04:28,396 basehttp 154 "GET /carts/simple/ HTTP/1.1" 404 3373
INFO 2020-04-27 04:04:31,925 basehttp 154 "GET /info/ HTTP/1.1" 200 63
WARNING 2020-04-27 04:04:31,932 log 228 Not Found: /browse_histories/
WARNING 2020-04-27 04:04:31,933 basehttp 154 "GET /browse_histories/ HTTP/1.1" 404 3385
INFO 2020-04-27 04:05:22,779 autoreload 597 Watching for file changes with StatReloader
INFO 2020-04-27 04:05:38,303 basehttp 154 "OPTIONS /login/ HTTP/1.1" 200 0
INFO 2020-04-27 04:05:38,453 basehttp 154 "POST /login/ HTTP/1.1" 200 27
WARNING 2020-04-27 04:05:38,812 log 228 Not Found: /carts/simple/
WARNING 2020-04-27 04:05:38,814 basehttp 154 "GET /carts/simple/ HTTP/1.1" 404 3373
WARNING 2020-04-27 04:05:42,809 log 228 Not Found: /browse_histories/
WARNING 2020-04-27 04:05:42,810 basehttp 154 "GET /browse_histories/ HTTP/1.1" 404 3385
INFO 2020-04-27 04:07:31,583 basehttp 154 "GET /info/ HTTP/1.1" 200 3
INFO 2020-04-27 04:08:06,915 basehttp 154 "POST /login/ HTTP/1.1" 200 27
WARNING 2020-04-27 04:08:07,382 log 228 Not Found: /carts/simple/
WARNING 2020-04-27 04:08:07,384 basehttp 154 "GET /carts/simple/ HTTP/1.1" 404 3373
WARNING 2020-04-27 04:08:13,970 log 228 Not Found: /browse_histories/
WARNING 2020-04-27 04:08:13,976 basehttp 154 "GET /browse_histories/ HTTP/1.1" 404 3385
INFO 2020-04-27 04:08:21,411 basehttp 154 "GET /info/ HTTP/1.1" 200 3
INFO 2020-04-27 04:09:09,127 basehttp 154 "POST /login/ HTTP/1.1" 200 27
WARNING 2020-04-27 04:09:09,476 log 228 Not Found: /carts/simple/
WARNING 2020-04-27 04:09:09,477 basehttp 154 "GET /carts/simple/ HTTP/1.1" 404 3373
WARNING 2020-04-27 04:09:15,557 log 228 Not Found: /carts/
WARNING 2020-04-27 04:09:15,559 basehttp 154 "GET /carts/ HTTP/1.1" 404 3352
WARNING 2020-04-27 04:09:18,986 log 228 Not Found: /carts/
WARNING 2020-04-27 04:09:18,988 basehttp 154 "GET /carts/ HTTP/1.1" 404 3352
WARNING 2020-04-27 04:09:20,932 log 228 Not Found: /carts/
WARNING 2020-04-27 04:09:20,933 basehttp 154 "GET /carts/ HTTP/1.1" 404 3352
WARNING 2020-04-27 04:09:25,874 log 228 Not Found: /carts/
WARNING 2020-04-27 04:09:25,883 basehttp 154 "GET /carts/ HTTP/1.1" 404 3352
WARNING 2020-04-27 04:09:27,867 log 228 Not Found: /carts/
WARNING 2020-04-27 04:09:27,869 basehttp 154 "GET /carts/ HTTP/1.1" 404 3352
WARNING 2020-04-27 04:09:31,879 log 228 Not Found: /carts/
WARNING 2020-04-27 04:09:31,880 basehttp 154 "GET /carts/ HTTP/1.1" 404 3352
WARNING 2020-04-27 04:09:46,297 log 228 Not Found: /carts/simple/
WARNING 2020-04-27 04:09:46,297 basehttp 154 "GET /carts/simple/ HTTP/1.1" 404 3373
INFO 2020-04-27 04:10:08,678 basehttp 154 "POST /login/ HTTP/1.1" 200 27
WARNING 2020-04-27 04:10:08,977 log 228 Not Found: /carts/simple/
WARNING 2020-04-27 04:10:08,977 basehttp 154 "GET /carts/simple/ HTTP/1.1" 404 3373
WARNING 2020-04-27 04:10:16,662 log 228 Not Found: /browse_histories/
WARNING 2020-04-27 04:10:16,672 basehttp 154 "GET /browse_histories/ HTTP/1.1" 404 3385
INFO 2020-04-27 04:10:16,675 basehttp 154 "GET /info/ HTTP/1.1" 200 3
INFO 2020-04-27 04:10:50,243 autoreload 597 Watching for file changes with StatReloader
INFO 2020-04-27 04:11:00,748 basehttp 154 "POST /login/ HTTP/1.1" 200 27
WARNING 2020-04-27 04:11:01,048 log 228 Not Found: /carts/simple/
WARNING 2020-04-27 04:11:01,049 basehttp 154 "GET /carts/simple/ HTTP/1.1" 404 3373
WARNING 2020-04-27 04:11:03,253 log 228 Not Found: /browse_histories/
WARNING 2020-04-27 04:11:03,257 basehttp 154 "GET /browse_histories/ HTTP/1.1" 404 3385
INFO 2020-04-27 04:11:03,265 basehttp 154 "GET /info/ HTTP/1.1" 200 3
INFO 2020-04-27 04:12:14,855 autoreload 217 /home/ubuntu/Desktop/meiduo_mall_project/meiduo_mall/meiduo_mall/apps/users/urls.py changed, reloading.
INFO 2020-04-27 04:12:15,747 autoreload 597 Watching for file changes with StatReloader
INFO 2020-04-27 04:13:15,850 autoreload 597 Watching for file changes with StatReloader
INFO 2020-04-27 04:13:39,224 basehttp 154 "POST /login/ HTTP/1.1" 200 27
WARNING 2020-04-27 04:13:39,533 log 228 Not Found: /carts/simple/
WARNING 2020-04-27 04:13:39,533 basehttp 154 "GET /carts/simple/ HTTP/1.1" 404 3373
INFO 2020-04-27 04:13:42,274 basehttp 154 "OPTIONS /logout/ HTTP/1.1" 200 0
INFO 2020-04-27 04:13:42,286 basehttp 154 "DELETE /logout/ HTTP/1.1" 200 27
INFO 2020-04-27 04:13:49,560 basehttp 154 "POST /login/ HTTP/1.1" 200 27
WARNING 2020-04-27 04:13:49,851 log 228 Not Found: /carts/simple/
WARNING 2020-04-27 04:13:49,851 basehttp 154 "GET /carts/simple/ HTTP/1.1" 404 3373
INFO 2020-04-27 04:13:51,428 basehttp 154 "GET /info/ HTTP/1.1" 200 3
WARNING 2020-04-27 04:13:51,437 log 228 Not Found: /browse_histories/
WARNING 2020-04-27 04:13:51,438 basehttp 154 "GET /browse_histories/ HTTP/1.1" 404 3385
INFO 2020-04-27 04:14:48,603 autoreload 217 /home/ubuntu/Desktop/meiduo_mall_project/meiduo_mall/meiduo_mall/apps/users/views1.py changed, reloading.
INFO 2020-04-27 04:14:49,261 autoreload 597 Watching for file changes with StatReloader
INFO 2020-04-27 04:14:57,054 autoreload 597 Watching for file changes with StatReloader
INFO 2020-04-27 04:15:06,851 basehttp 154 "POST /login/ HTTP/1.1" 200 27
WARNING 2020-04-27 04:15:07,161 log 228 Not Found: /carts/simple/
WARNING 2020-04-27 04:15:07,161 basehttp 154 "GET /carts/simple/ HTTP/1.1" 404 3373
WARNING 2020-04-27 04:15:08,047 log 228 Not Found: /browse_histories/
WARNING 2020-04-27 04:15:08,047 basehttp 154 "GET /browse_histories/ HTTP/1.1" 404 3385
INFO 2020-04-27 04:15:08,053 basehttp 154 "GET /info/ HTTP/1.1" 200 3
INFO 2020-04-27 04:15:59,551 basehttp 154 "OPTIONS /login/ HTTP/1.1" 200 0
INFO 2020-04-27 04:15:59,644 basehttp 154 "POST /login/ HTTP/1.1" 200 75
INFO 2020-04-27 04:16:03,217 basehttp 154 "POST /login/ HTTP/1.1" 200 27
WARNING 2020-04-27 04:16:03,529 log 228 Not Found: /carts/simple/
WARNING 2020-04-27 04:16:03,530 basehttp 154 "GET /carts/simple/ HTTP/1.1" 404 3373
WARNING 2020-04-27 04:16:15,352 log 228 Not Found: /carts/simple/
WARNING 2020-04-27 04:16:15,362 basehttp 154 "GET /carts/simple/ HTTP/1.1" 404 3373
INFO 2020-04-27 04:16:25,380 basehttp 154 "GET /info/ HTTP/1.1" 200 63
WARNING 2020-04-27 04:16:25,393 log 228 Not Found: /browse_histories/
WARNING 2020-04-27 04:16:25,393 basehttp 154 "GET /browse_histories/ HTTP/1.1" 404 3385
INFO 2020-04-27 06:24:00,618 autoreload 597 Watching for file changes with StatReloader
INFO 2020-04-27 06:24:36,934 autoreload 597 Watching for file changes with StatReloader
INFO 2020-04-27 06:24:42,172 basehttp 154 "GET /qq/authorization/?next=/ HTTP/1.1" 200 228
INFO 2020-04-27 06:25:12,734 basehttp 154 "GET /oauth_callback/?code=DD9A610276F7714B76C17D22A99DDE84 HTTP/1.1" 200 263
INFO 2020-04-27 06:25:12,784 basehttp 154 "GET /image_codes/2673f52e-aaed-49cd-9471-9aa6d161395f/ HTTP/1.1" 200 3206
INFO 2020-04-27 06:25:31,098 views 69 819883
INFO 2020-04-27 06:25:31,099 basehttp 154 "GET /sms_codes/18017163025/?image_code=fytu&image_code_id=2673f52e-aaed-49cd-9471-9aa6d161395f HTTP/1.1" 200 61
INFO 2020-04-27 06:25:49,615 basehttp 154 "OPTIONS /oauth_callback/ HTTP/1.1" 200 0
INFO 2020-04-27 06:25:49,776 basehttp 154 "POST /oauth_callback/ HTTP/1.1" 200 27
WARNING 2020-04-27 06:25:50,380 log 228 Not Found: /carts/simple/
WARNING 2020-04-27 06:25:50,381 basehttp 154 "GET /carts/simple/ HTTP/1.1" 404 3700
WARNING 2020-04-27 06:25:54,810 log 228 Not Found: /browse_histories/
WARNING 2020-04-27 06:25:54,811 basehttp 154 "GET /browse_histories/ HTTP/1.1" 404 3712
INFO 2020-04-27 06:25:54,831 basehttp 154 "GET /info/ HTTP/1.1" 200 3
INFO 2020-04-27 06:26:43,342 autoreload 217 /home/ubuntu/Desktop/meiduo_mall_project/meiduo_mall/meiduo_mall/apps/users/models.py changed, reloading.
INFO 2020-04-27 06:26:44,000 autoreload 597 Watching for file changes with StatReloader
INFO 2020-04-27 06:31:55,337 autoreload 217 /home/ubuntu/Desktop/meiduo_mall_project/meiduo_mall/meiduo_mall/apps/users/views.py changed, reloading.
INFO 2020-04-27 06:31:56,194 autoreload 597 Watching for file changes with StatReloader
INFO 2020-04-27 06:34:34,310 autoreload 597 Watching for file changes with StatReloader
INFO 2020-04-27 06:34:45,372 basehttp 154 "OPTIONS /login/ HTTP/1.1" 200 0
INFO 2020-04-27 06:34:45,477 basehttp 154 "POST /login/ HTTP/1.1" 200 27
WARNING 2020-04-27 06:34:45,790 log 228 Not Found: /carts/simple/
WARNING 2020-04-27 06:34:45,791 basehttp 154 "GET /carts/simple/ HTTP/1.1" 404 3700
INFO 2020-04-27 06:34:47,051 basehttp 154 "GET /info/ HTTP/1.1" 200 130
WARNING 2020-04-27 06:34:47,062 log 228 Not Found: /browse_histories/
WARNING 2020-04-27 06:34:47,063 basehttp 154 "GET /browse_histories/ HTTP/1.1" 404 3712
INFO 2020-04-27 06:59:11,686 autoreload 217 /home/ubuntu/Desktop/meiduo_mall_project/meiduo_mall/meiduo_mall/apps/users/utils.py changed, reloading.
INFO 2020-04-27 06:59:12,487 autoreload 597 Watching for file changes with StatReloader
INFO 2020-04-27 07:00:53,091 autoreload 597 Watching for file changes with StatReloader
INFO 2020-04-27 07:01:18,127 basehttp 154 "OPTIONS /emails/ HTTP/1.1" 200 0
INFO 2020-04-27 07:01:18,155 basehttp 154 "PUT /emails/ HTTP/1.1" 200 27
INFO 2020-04-27 07:10:08,621 autoreload 597 Watching for file changes with StatReloader
INFO 2020-04-27 07:10:11,624 basehttp 154 "OPTIONS /login/ HTTP/1.1" 200 0
INFO 2020-04-27 07:10:11,737 basehttp 154 "POST /login/ HTTP/1.1" 200 27
WARNING 2020-04-27 07:10:12,080 log 228 Not Found: /carts/simple/
WARNING 2020-04-27 07:10:12,081 basehttp 154 "GET /carts/simple/ HTTP/1.1" 404 3854
WARNING 2020-04-27 07:10:13,405 log 228 Not Found: /browse_histories/
WARNING 2020-04-27 07:10:13,406 basehttp 154 "GET /browse_histories/ HTTP/1.1" 404 3866
INFO 2020-04-27 07:10:13,415 basehttp 154 "GET /info/ HTTP/1.1" 200 147
INFO 2020-04-27 07:10:24,891 basehttp 154 "GET /info/ HTTP/1.1" 200 63
WARNING 2020-04-27 07:10:24,901 log 228 Not Found: /browse_histories/
WARNING 2020-04-27 07:10:24,902 basehttp 154 "GET /browse_histories/ HTTP/1.1" 404 3866
INFO 2020-04-27 07:15:58,586 basehttp 154 "POST /login/ HTTP/1.1" 200 27
WARNING 2020-04-27 07:15:58,882 log 228 Not Found: /carts/simple/
WARNING 2020-04-27 07:15:58,882 basehttp 154 "GET /carts/simple/ HTTP/1.1" 404 3854
WARNING 2020-04-27 07:16:00,830 log 228 Not Found: /browse_histories/
WARNING 2020-04-27 07:16:00,831 basehttp 154 "GET /browse_histories/ HTTP/1.1" 404 3866
INFO 2020-04-27 07:16:00,834 basehttp 154 "GET /info/ HTTP/1.1" 200 147
